GenOpt(R) Optimization Version 3.1.0, December 8, 2011

Lawrence Berkeley National Laboratory
http://simulationresearch.lbl.gov
Michael Wetter, MWetter@lbl.gov

GenOpt Copyright (c) 1998-2011, The Regents of the
University of California, through Lawrence Berkeley
National Laboratory (subject to receipt of any 
required approvals from the U.S. Dept. of Energy).
All rights reserved.

The development of GenOpt is supported by
the U.S. Department of Energy (DOE),
the Swiss Academy of Engineering Sciences (SATW),
the Swiss National Energy Fund (NEFF), and
the Swiss National Science Foundation (SNSF).
_______________________________________________________________

Configuration file : C:\HTAP\applications\NBC936\Genopt-run-auto-1++.GO-ini
Command file       : C:\HTAP\applications\NBC936\Genopt-run-auto-1++.GO-cmd

Optimization started  at : Mon Dec 11 12:42:49 EST 2017
Optimization finished at : Mon Dec 11 12:44:54 EST 2017
Execution time           :            00:02:06
_______________________________________________________________

Optimization terminated with error.

Error message:
**************
genopt.lang.OptimizerException: 
C:\HTAP\applications\NBC936\tmp-genopt-run-1\SubstitutePL-log.txt: Following error was found:
Error on line 4491:
    Fatal Error! Could not copy Browse.rpt to sim-output!

Simulation working directory : 'C:\HTAP\applications\NBC936\tmp-genopt-run-1'
Command string               : 'Ruby C:\HTAP\start-substitute.rb   GenOpt-picked-these-choices.GO-tmp  '

GenOpt terminated with error.
